<?xml version="1.0" encoding="UTF-8"?>
<testsuite name="com.amber.familytime.mcp_server.ApplicationTests" tests="1" skipped="0" failures="0" errors="0" timestamp="2026-02-27T05:29:19.077Z" hostname="Amberui-MacBookAir.local" time="0.268">
  <properties/>
  <testcase name="contextLoads()" classname="com.amber.familytime.mcp_server.ApplicationTests" time="0.268"/>
  <system-out><![CDATA[14:29:16.911 [Test worker] INFO org.springframework.test.context.support.AnnotationConfigContextLoaderUtils -- Could not detect default configuration classes for test class [com.amber.familytime.mcp_server.ApplicationTests]: ApplicationTests does not declare any static, non-private, non-final, nested classes annotated with @Configuration.
14:29:16.954 [Test worker] INFO org.springframework.boot.test.context.SpringBootTestContextBootstrapper -- Found @SpringBootConfiguration com.amber.familytime.mcp_server.Application for test class com.amber.familytime.mcp_server.ApplicationTests

  .   ____          _            __ _ _
 /\\ / ___'_ __ _ _(_)_ __  __ _ \ \ \ \
( ( )\___ | '_ | '_| | '_ \/ _` | \ \ \ \
 \\/  ___)| |_)| | | | | || (_| |  ) ) ) )
  '  |____| .__|_| |_|_| |_\__, | / / / /
 =========|_|==============|___/=/_/_/_/

 :: Spring Boot ::                (v3.4.2)

2026-02-27T14:29:17.120+09:00  INFO 20138 --- [family-time-mcp] [    Test worker] c.a.f.mcp_server.ApplicationTests        : Starting ApplicationTests using Java 21.0.8 with PID 20138 (started by amber in /Users/amber/projects/familytime.mcp-server)
2026-02-27T14:29:17.121+09:00  INFO 20138 --- [family-time-mcp] [    Test worker] c.a.f.mcp_server.ApplicationTests        : No active profile set, falling back to 1 default profile: "default"
2026-02-27T14:29:17.441+09:00  INFO 20138 --- [family-time-mcp] [    Test worker] .s.d.r.c.RepositoryConfigurationDelegate : Bootstrapping Spring Data JPA repositories in DEFAULT mode.
2026-02-27T14:29:17.493+09:00  INFO 20138 --- [family-time-mcp] [    Test worker] .s.d.r.c.RepositoryConfigurationDelegate : Finished Spring Data repository scanning in 49 ms. Found 1 JPA repository interface.
2026-02-27T14:29:17.644+09:00  INFO 20138 --- [family-time-mcp] [    Test worker] o.hibernate.jpa.internal.util.LogHelper  : HHH000204: Processing PersistenceUnitInfo [name: default]
2026-02-27T14:29:17.661+09:00  INFO 20138 --- [family-time-mcp] [    Test worker] org.hibernate.Version                    : HHH000412: Hibernate ORM core version 6.6.5.Final
2026-02-27T14:29:17.672+09:00  INFO 20138 --- [family-time-mcp] [    Test worker] o.h.c.internal.RegionFactoryInitiator    : HHH000026: Second-level cache disabled
2026-02-27T14:29:17.766+09:00  INFO 20138 --- [family-time-mcp] [    Test worker] o.s.o.j.p.SpringPersistenceUnitInfo      : No LoadTimeWeaver setup: ignoring JPA class transformer
2026-02-27T14:29:17.776+09:00  INFO 20138 --- [family-time-mcp] [    Test worker] com.zaxxer.hikari.HikariDataSource       : HikariPool-1 - Starting...
2026-02-27T14:29:18.207+09:00  INFO 20138 --- [family-time-mcp] [    Test worker] com.zaxxer.hikari.pool.HikariPool        : HikariPool-1 - Added connection org.postgresql.jdbc.PgConnection@72646d16
2026-02-27T14:29:18.208+09:00  INFO 20138 --- [family-time-mcp] [    Test worker] com.zaxxer.hikari.HikariDataSource       : HikariPool-1 - Start completed.
2026-02-27T14:29:18.253+09:00  WARN 20138 --- [family-time-mcp] [    Test worker] org.hibernate.orm.deprecation            : HHH90000025: PostgreSQLDialect does not need to be specified explicitly using 'hibernate.dialect' (remove the property setting and it will be selected by default)
2026-02-27T14:29:18.284+09:00  INFO 20138 --- [family-time-mcp] [    Test worker] org.hibernate.orm.connections.pooling    : HHH10001005: Database info:
	Database JDBC URL [Connecting through datasource 'HikariDataSource (HikariPool-1)']
	Database driver: undefined/unknown
	Database version: 17.6
	Autocommit mode: undefined/unknown
	Isolation level: undefined/unknown
	Minimum pool size: undefined/unknown
	Maximum pool size: undefined/unknown
2026-02-27T14:29:18.580+09:00  INFO 20138 --- [family-time-mcp] [    Test worker] o.h.e.t.j.p.i.JtaPlatformInitiator       : HHH000489: No JTA platform available (set 'hibernate.transaction.jta.platform' to enable JTA platform integration)
2026-02-27T14:29:18.639+09:00  INFO 20138 --- [family-time-mcp] [    Test worker] j.LocalContainerEntityManagerFactoryBean : Initialized JPA EntityManagerFactory for persistence unit 'default'
2026-02-27T14:29:18.857+09:00  INFO 20138 --- [family-time-mcp] [    Test worker] o.s.d.j.r.query.QueryEnhancerFactory     : Hibernate is in classpath; If applicable, HQL parser will be used.
2026-02-27T14:29:18.908+09:00  WARN 20138 --- [family-time-mcp] [    Test worker] JpaBaseConfiguration$JpaWebConfiguration : spring.jpa.open-in-view is enabled by default. Therefore, database queries may be performed during view rendering. Explicitly configure spring.jpa.open-in-view to disable this warning
2026-02-27T14:29:19.071+09:00  INFO 20138 --- [family-time-mcp] [    Test worker] c.a.f.mcp_server.ApplicationTests        : Started ApplicationTests in 2.069 seconds (process running for 2.508)
]]></system-out>
  <system-err><![CDATA[Mockito is currently self-attaching to enable the inline-mock-maker. This will no longer work in future releases of the JDK. Please add Mockito as an agent to your build what is described in Mockito's documentation: https://javadoc.io/doc/org.mockito/mockito-core/latest/org/mockito/Mockito.html#0.3
WARNING: A Java agent has been loaded dynamically (/Users/amber/.gradle/caches/modules-2/files-2.1/net.bytebuddy/byte-buddy-agent/1.15.11/a38b16385e867f59a641330f0362ebe742788ed8/byte-buddy-agent-1.15.11.jar)
WARNING: If a serviceability tool is in use, please run with -XX:+EnableDynamicAgentLoading to hide this warning
WARNING: If a serviceability tool is not in use, please run with -Djdk.instrument.traceUsage for more information
WARNING: Dynamic loading of agents will be disallowed by default in a future release
]]></system-err>
</testsuite>
