<?xml version="1.0" encoding="UTF-8"?>
<testsuite name="com.amber.familytime.mcp_server.ApplicationTests" tests="1" skipped="0" failures="0" errors="0" timestamp="2026-02-20T05:16:55.179Z" hostname="Amberui-MacBookAir.local" time="0.344">
  <properties/>
  <testcase name="contextLoads()" classname="com.amber.familytime.mcp_server.ApplicationTests" time="0.344"/>
  <system-out><![CDATA[14:16:54.611 [Test worker] INFO org.springframework.test.context.support.AnnotationConfigContextLoaderUtils -- Could not detect default configuration classes for test class [com.amber.familytime.mcp_server.ApplicationTests]: ApplicationTests does not declare any static, non-private, non-final, nested classes annotated with @Configuration.
14:16:54.653 [Test worker] INFO org.springframework.boot.test.context.SpringBootTestContextBootstrapper -- Found @SpringBootConfiguration com.amber.familytime.mcp_server.Application for test class com.amber.familytime.mcp_server.ApplicationTests

  .   ____          _            __ _ _
 /\\ / ___'_ __ _ _(_)_ __  __ _ \ \ \ \
( ( )\___ | '_ | '_| | '_ \/ _` | \ \ \ \
 \\/  ___)| |_)| | | | | || (_| |  ) ) ) )
  '  |____| .__|_| |_|_| |_\__, | / / / /
 =========|_|==============|___/=/_/_/_/

 :: Spring Boot ::                (v3.4.2)

2026-02-20T14:16:54.836+09:00  INFO 14747 --- [familytime.mcp-server] [    Test worker] c.a.f.mcp_server.ApplicationTests        : Starting ApplicationTests using Java 21.0.8 with PID 14747 (started by amber in /Users/amber/projects/familytime.mcp-server)
2026-02-20T14:16:54.837+09:00  INFO 14747 --- [familytime.mcp-server] [    Test worker] c.a.f.mcp_server.ApplicationTests        : No active profile set, falling back to 1 default profile: "default"
2026-02-20T14:16:55.176+09:00  INFO 14747 --- [familytime.mcp-server] [    Test worker] c.a.f.mcp_server.ApplicationTests        : Started ApplicationTests in 0.474 seconds (process running for 0.966)
]]></system-out>
  <system-err><![CDATA[Mockito is currently self-attaching to enable the inline-mock-maker. This will no longer work in future releases of the JDK. Please add Mockito as an agent to your build what is described in Mockito's documentation: https://javadoc.io/doc/org.mockito/mockito-core/latest/org/mockito/Mockito.html#0.3
WARNING: A Java agent has been loaded dynamically (/Users/amber/.gradle/caches/modules-2/files-2.1/net.bytebuddy/byte-buddy-agent/1.15.11/a38b16385e867f59a641330f0362ebe742788ed8/byte-buddy-agent-1.15.11.jar)
WARNING: If a serviceability tool is in use, please run with -XX:+EnableDynamicAgentLoading to hide this warning
WARNING: If a serviceability tool is not in use, please run with -Djdk.instrument.traceUsage for more information
WARNING: Dynamic loading of agents will be disallowed by default in a future release
]]></system-err>
</testsuite>
